0 info it worked if it ends with ok
1 verbose cli [ 'C:\\Program Files\\nodejs\\node.exe',
1 verbose cli   'C:\\Program Files\\nodejs\\node_modules\\npm\\bin\\npm-cli.js',
1 verbose cli   'start' ]
2 info using npm@3.10.10
3 info using node@v6.10.3
4 verbose run-script [ 'prestart', 'start', 'poststart' ]
5 info lifecycle socnet@1.0.0~prestart: socnet@1.0.0
6 silly lifecycle socnet@1.0.0~prestart: no script for prestart, continuing
7 info lifecycle socnet@1.0.0~start: socnet@1.0.0
8 verbose lifecycle socnet@1.0.0~start: unsafe-perm in lifecycle true
9 verbose lifecycle socnet@1.0.0~start: PATH: C:\Program Files\nodejs\node_modules\npm\bin\node-gyp-bin;C:\Users\jorge.ludlow\.babun\cygwin\home\jorge.ludlow\socnet\node_modules\.bin;C:\Users\jorge.ludlow\.babun\cygwin\home\jorge.ludlow\.local\bin;C:\Users\jorge.ludlow\.babun\cygwin\home\jorge.ludlow\.local\bin;C:\Users\jorge.ludlow\.babun\cygwin\usr\local\bin;C:\Users\jorge.ludlow\.babun\cygwin\bin;C:\Program Files\Docker\Docker\Resources\bin;C:\ProgramData\Oracle\Java\javapath;C:\Program Files (x86)\Intel\iCLS Client;C:\Program Files\Intel\iCLS Client;C:\Windows\system32;C:\Windows;C:\Windows\System32\Wbem;C:\Windows\System32\WindowsPowerShell\v1.0;C:\Program Files (x86)\Intel\Intel(R) Management Engine Components\DAL;C:\Program Files\Intel\Intel(R) Management Engine Components\DAL;C:\Program Files (x86)\Intel\Intel(R) Management Engine Components\IPT;C:\Program Files\Intel\Intel(R) Management Engine Components\IPT;C:\Program Files (x86)\ATI Technologies\ATI.ACE\Core-Static;C:\Program Files\Git\cmd;C:\Program Files\Mercurial;C:\Program Files\TortoiseHg;C:\Program Files (x86)\Kaspersky Lab\Kaspersky Endpoint Security 10 for Windows SP1;C:\Go\bin;C:\Program Files (x86)\Yarn\bin;C:\HashiCorp\Vagrant\bin;C:\Program Files\nodejs;C:\Users\jorge.ludlow\.babun;C:\java\jdk1.7.0_80\bin;C:\developmenttools\ant\bin;C:\developmenttools\apache-maven-3.3.9\bin;%GIT%;C:\dev\tools\Ruby200\bin;C:\developmenttools\Mercurial;C:\tty;C:\dev\tools\chromedriver;C:\dev\tools\selenium-server;C:\Users\jorge.ludlow\AppData\Roaming\npm;C:\Users\jorge.ludlow\AppData\Local\Yarn\.bin;C:\Go\bin;C:\golang\bin;C:\Users\jorge.ludlow\.babun\cygwin\home\jorge.ludlow\.local\bin;C:\Users\jorge.ludlow\.babun\cygwin\usr\sbin;C:\Users\jorge.ludlow\.babun\cygwin\bin;C:\Users\jorge.ludlow\.babun\cygwin\sbin;C:\Users\jorge.ludlow\.babun\cygwin\bin;C:\Users\jorge.ludlow\.babun\cygwin\home\jorge.ludlow\dotfiles\bin;C:\Users\jorge.ludlow\.babun\cygwin\usr\local\sbin;C:\Users\jorge.ludlow\.babun\cygwin\usr\local\bin;C:\Users\jorge.ludlow\.babun\cygwin\home\jorge.ludlow\golang\bin;C:\Users\jorge.ludlow\.babun\cygwin\bin\cmake.exe;C:\Users\jorge.ludlow\.babun\cygwin\home\jorge.ludlow\.local\bin;C:\Users\jorge.ludlow\.babun\cygwin\usr\sbin;C:\Users\jorge.ludlow\.babun\cygwin\bin;C:\Users\jorge.ludlow\.babun\cygwin\sbin;C:\Users\jorge.ludlow\.babun\cygwin\bin;C:\Users\jorge.ludlow\.babun\cygwin\home\jorge.ludlow\dotfiles\bin;C:\Users\jorge.ludlow\.babun\cygwin\usr\local\sbin;C:\Users\jorge.ludlow\.babun\cygwin\usr\local\bin;C:\Users\jorge.ludlow\.babun\cygwin\home\jorge.ludlow\golang\bin;C:\Users\jorge.ludlow\.babun\cygwin\bin\cmake.exe
10 verbose lifecycle socnet@1.0.0~start: CWD: C:\Users\jorge.ludlow\.babun\cygwin\home\jorge.ludlow\socnet
11 silly lifecycle socnet@1.0.0~start: Args: [ '/d /s /c',
11 silly lifecycle   'node_modules/budo/bin/cmd.js src/index.js:js/bundle.js --dir src --live -- -t babelify' ]
12 silly lifecycle socnet@1.0.0~start: Returned: code: 1  signal: null
13 info lifecycle socnet@1.0.0~start: Failed to exec start script
14 verbose stack Error: socnet@1.0.0 start: `node_modules/budo/bin/cmd.js src/index.js:js/bundle.js --dir src --live -- -t babelify`
14 verbose stack Exit status 1
14 verbose stack     at EventEmitter.<anonymous> (C:\Program Files\nodejs\node_modules\npm\lib\utils\lifecycle.js:255:16)
14 verbose stack     at emitTwo (events.js:106:13)
14 verbose stack     at EventEmitter.emit (events.js:191:7)
14 verbose stack     at ChildProcess.<anonymous> (C:\Program Files\nodejs\node_modules\npm\lib\utils\spawn.js:40:14)
14 verbose stack     at emitTwo (events.js:106:13)
14 verbose stack     at ChildProcess.emit (events.js:191:7)
14 verbose stack     at maybeClose (internal/child_process.js:886:16)
14 verbose stack     at Process.ChildProcess._handle.onexit (internal/child_process.js:226:5)
15 verbose pkgid socnet@1.0.0
16 verbose cwd C:\Users\jorge.ludlow\.babun\cygwin\home\jorge.ludlow\socnet
17 error Windows_NT 10.0.10586
18 error argv "C:\\Program Files\\nodejs\\node.exe" "C:\\Program Files\\nodejs\\node_modules\\npm\\bin\\npm-cli.js" "start"
19 error node v6.10.3
20 error npm  v3.10.10
21 error code ELIFECYCLE
22 error socnet@1.0.0 start: `node_modules/budo/bin/cmd.js src/index.js:js/bundle.js --dir src --live -- -t babelify`
22 error Exit status 1
23 error Failed at the socnet@1.0.0 start script 'node_modules/budo/bin/cmd.js src/index.js:js/bundle.js --dir src --live -- -t babelify'.
23 error Make sure you have the latest version of node.js and npm installed.
23 error If you do, this is most likely a problem with the socnet package,
23 error not with npm itself.
23 error Tell the author that this fails on your system:
23 error     node_modules/budo/bin/cmd.js src/index.js:js/bundle.js --dir src --live -- -t babelify
23 error You can get information on how to open an issue for this project with:
23 error     npm bugs socnet
23 error Or if that isn't available, you can get their info via:
23 error     npm owner ls socnet
23 error There is likely additional logging output above.
24 verbose exit [ 1, true ]
